Aug 13, 2013 10:38:03 AM org.apache.catalina.core.AprLifecycleListener init
INFO: Loaded APR based Apache Tomcat Native library 1.1.24 using APR version 1.4.6.
Aug 13, 2013 10:38:03 AM org.apache.catalina.core.AprLifecycleListener init
INFO: APR capabilities: IPv6 [true], sendfile [true], accept filters [false], random [true].
Aug 13, 2013 10:38:04 AM org.apache.catalina.core.AprLifecycleListener initializeSSL
INFO: OpenSSL successfully initialized (OpenSSL 1.0.1c 10 May 2012)
Aug 13, 2013 10:38:04 AM org.apache.coyote.AbstractProtocol init
INFO: Initializing ProtocolHandler ["http-apr-8080"]
Aug 13, 2013 10:38:04 AM org.apache.coyote.AbstractProtocol init
INFO: Initializing ProtocolHandler ["http-apr-8443"]
Aug 13, 2013 10:38:04 AM org.apache.coyote.AbstractProtocol init
SEVERE: Failed to initialize end point associated with ProtocolHandler ["http-apr-8443"]
java.lang.Exception: Connector attribute SSLCertificateFile must be defined when using SSL with APR
	at org.apache.tomcat.util.net.AprEndpoint.bind(AprEndpoint.java:484)
	at org.apache.tomcat.util.net.AbstractEndpoint.init(AbstractEndpoint.java:610)
	at org.apache.coyote.AbstractProtocol.init(AbstractProtocol.java:423)
	at org.apache.catalina.connector.Connector.initInternal(Connector.java:974)
	at org.apache.catalina.util.LifecycleBase.init(LifecycleBase.java:102)
	at org.apache.catalina.core.StandardService.initInternal(StandardService.java:559)
	at org.apache.catalina.util.LifecycleBase.init(LifecycleBase.java:102)
	at org.apache.catalina.core.StandardServer.initInternal(StandardServer.java:814)
	at org.apache.catalina.util.LifecycleBase.init(LifecycleBase.java:102)
	at org.apache.catalina.startup.Catalina.load(Catalina.java:624)
	at org.apache.catalina.startup.Catalina.load(Catalina.java:649)
	at sun.reflect.NativeMethodAccessorImpl.invoke0(Native Method)
	at sun.reflect.NativeMethodAccessorImpl.invoke(NativeMethodAccessorImpl.java:57)
	at sun.reflect.DelegatingMethodAccessorImpl.invoke(DelegatingMethodAccessorImpl.java:43)
	at java.lang.reflect.Method.invoke(Method.java:601)
	at org.apache.catalina.startup.Bootstrap.load(Bootstrap.java:281)
	at org.apache.catalina.startup.Bootstrap.main(Bootstrap.java:450)

Aug 13, 2013 10:38:04 AM org.apache.catalina.core.StandardService initInternal
SEVERE: Failed to initialize connector [Connector[HTTP/1.1-8443]]
org.apache.catalina.LifecycleException: Failed to initialize component [Connector[HTTP/1.1-8443]]
	at org.apache.catalina.util.LifecycleBase.init(LifecycleBase.java:106)
	at org.apache.catalina.core.StandardService.initInternal(StandardService.java:559)
	at org.apache.catalina.util.LifecycleBase.init(LifecycleBase.java:102)
	at org.apache.catalina.core.StandardServer.initInternal(StandardServer.java:814)
	at org.apache.catalina.util.LifecycleBase.init(LifecycleBase.java:102)
	at org.apache.catalina.startup.Catalina.load(Catalina.java:624)
	at org.apache.catalina.startup.Catalina.load(Catalina.java:649)
	at sun.reflect.NativeMethodAccessorImpl.invoke0(Native Method)
	at sun.reflect.NativeMethodAccessorImpl.invoke(NativeMethodAccessorImpl.java:57)
	at sun.reflect.DelegatingMethodAccessorImpl.invoke(DelegatingMethodAccessorImpl.java:43)
	at java.lang.reflect.Method.invoke(Method.java:601)
	at org.apache.catalina.startup.Bootstrap.load(Bootstrap.java:281)
	at org.apache.catalina.startup.Bootstrap.main(Bootstrap.java:450)
Caused by: org.apache.catalina.LifecycleException: Protocol handler initialization failed
	at org.apache.catalina.connector.Connector.initInternal(Connector.java:976)
	at org.apache.catalina.util.LifecycleBase.init(LifecycleBase.java:102)
	... 12 more
Caused by: java.lang.Exception: Connector attribute SSLCertificateFile must be defined when using SSL with APR
	at org.apache.tomcat.util.net.AprEndpoint.bind(AprEndpoint.java:484)
	at org.apache.tomcat.util.net.AbstractEndpoint.init(AbstractEndpoint.java:610)
	at org.apache.coyote.AbstractProtocol.init(AbstractProtocol.java:423)
	at org.apache.catalina.connector.Connector.initInternal(Connector.java:974)
	... 13 more

Aug 13, 2013 10:38:04 AM org.apache.coyote.AbstractProtocol init
INFO: Initializing ProtocolHandler ["ajp-apr-8009"]
Aug 13, 2013 10:38:04 AM org.apache.catalina.startup.Catalina load
INFO: Initialization processed in 1866 ms
Aug 13, 2013 10:38:04 AM org.apache.catalina.core.StandardService startInternal
INFO: Starting service Catalina
Aug 13, 2013 10:38:04 AM org.apache.catalina.core.StandardEngine startInternal
INFO: Starting Servlet Engine: Apache Tomcat/7.0.28
Aug 13, 2013 10:38:04 AM org.apache.catalina.startup.HostConfig deployDirectory
INFO: Deploying web application directory D:\Projects\jobs\telegraph\tmg\tmg_apache-tomcat-7.0.28\webapps\docs
Aug 13, 2013 10:38:05 AM org.apache.catalina.startup.HostConfig deployDirectory
INFO: Deploying web application directory D:\Projects\jobs\telegraph\tmg\tmg_apache-tomcat-7.0.28\webapps\examples
Aug 13, 2013 10:38:05 AM org.apache.catalina.startup.HostConfig deployDirectory
INFO: Deploying web application directory D:\Projects\jobs\telegraph\tmg\tmg_apache-tomcat-7.0.28\webapps\host-manager
Aug 13, 2013 10:38:05 AM org.apache.catalina.startup.HostConfig deployDirectory
INFO: Deploying web application directory D:\Projects\jobs\telegraph\tmg\tmg_apache-tomcat-7.0.28\webapps\manager
Aug 13, 2013 10:38:05 AM org.apache.catalina.startup.HostConfig deployDirectory
INFO: Deploying web application directory D:\Projects\jobs\telegraph\tmg\tmg_apache-tomcat-7.0.28\webapps\ROOT
Aug 13, 2013 10:38:05 AM org.apache.coyote.AbstractProtocol start
INFO: Starting ProtocolHandler ["http-apr-8080"]
Aug 13, 2013 10:38:05 AM org.apache.coyote.AbstractProtocol start
INFO: Starting ProtocolHandler ["ajp-apr-8009"]
Aug 13, 2013 10:38:05 AM org.apache.catalina.startup.Catalina start
INFO: Server startup in 977 ms
Aug 13, 2013 10:39:42 AM org.apache.catalina.core.AprLifecycleListener init
INFO: Loaded APR based Apache Tomcat Native library 1.1.24 using APR version 1.4.6.
Aug 13, 2013 10:39:42 AM org.apache.catalina.core.AprLifecycleListener init
INFO: APR capabilities: IPv6 [true], sendfile [true], accept filters [false], random [true].
Aug 13, 2013 10:39:43 AM org.apache.catalina.core.AprLifecycleListener initializeSSL
INFO: OpenSSL successfully initialized (OpenSSL 1.0.1c 10 May 2012)
Aug 13, 2013 10:39:43 AM org.apache.coyote.AbstractProtocol init
INFO: Initializing ProtocolHandler ["http-apr-8080"]
Aug 13, 2013 10:39:43 AM org.apache.coyote.AbstractProtocol init
INFO: Initializing ProtocolHandler ["http-apr-8443"]
Aug 13, 2013 10:39:43 AM org.apache.coyote.AbstractProtocol init
SEVERE: Failed to initialize end point associated with ProtocolHandler ["http-apr-8443"]
java.lang.Exception: Connector attribute SSLCertificateFile must be defined when using SSL with APR
	at org.apache.tomcat.util.net.AprEndpoint.bind(AprEndpoint.java:484)
	at org.apache.tomcat.util.net.AbstractEndpoint.init(AbstractEndpoint.java:610)
	at org.apache.coyote.AbstractProtocol.init(AbstractProtocol.java:423)
	at org.apache.catalina.connector.Connector.initInternal(Connector.java:974)
	at org.apache.catalina.util.LifecycleBase.init(LifecycleBase.java:102)
	at org.apache.catalina.core.StandardService.initInternal(StandardService.java:559)
	at org.apache.catalina.util.LifecycleBase.init(LifecycleBase.java:102)
	at org.apache.catalina.core.StandardServer.initInternal(StandardServer.java:814)
	at org.apache.catalina.util.LifecycleBase.init(LifecycleBase.java:102)
	at org.apache.catalina.startup.Catalina.load(Catalina.java:624)
	at org.apache.catalina.startup.Catalina.load(Catalina.java:649)
	at sun.reflect.NativeMethodAccessorImpl.invoke0(Native Method)
	at sun.reflect.NativeMethodAccessorImpl.invoke(NativeMethodAccessorImpl.java:57)
	at sun.reflect.DelegatingMethodAccessorImpl.invoke(DelegatingMethodAccessorImpl.java:43)
	at java.lang.reflect.Method.invoke(Method.java:601)
	at org.apache.catalina.startup.Bootstrap.load(Bootstrap.java:281)
	at org.apache.catalina.startup.Bootstrap.main(Bootstrap.java:450)

Aug 13, 2013 10:39:43 AM org.apache.catalina.core.StandardService initInternal
SEVERE: Failed to initialize connector [Connector[HTTP/1.1-8443]]
org.apache.catalina.LifecycleException: Failed to initialize component [Connector[HTTP/1.1-8443]]
	at org.apache.catalina.util.LifecycleBase.init(LifecycleBase.java:106)
	at org.apache.catalina.core.StandardService.initInternal(StandardService.java:559)
	at org.apache.catalina.util.LifecycleBase.init(LifecycleBase.java:102)
	at org.apache.catalina.core.StandardServer.initInternal(StandardServer.java:814)
	at org.apache.catalina.util.LifecycleBase.init(LifecycleBase.java:102)
	at org.apache.catalina.startup.Catalina.load(Catalina.java:624)
	at org.apache.catalina.startup.Catalina.load(Catalina.java:649)
	at sun.reflect.NativeMethodAccessorImpl.invoke0(Native Method)
	at sun.reflect.NativeMethodAccessorImpl.invoke(NativeMethodAccessorImpl.java:57)
	at sun.reflect.DelegatingMethodAccessorImpl.invoke(DelegatingMethodAccessorImpl.java:43)
	at java.lang.reflect.Method.invoke(Method.java:601)
	at org.apache.catalina.startup.Bootstrap.load(Bootstrap.java:281)
	at org.apache.catalina.startup.Bootstrap.main(Bootstrap.java:450)
Caused by: org.apache.catalina.LifecycleException: Protocol handler initialization failed
	at org.apache.catalina.connector.Connector.initInternal(Connector.java:976)
	at org.apache.catalina.util.LifecycleBase.init(LifecycleBase.java:102)
	... 12 more
Caused by: java.lang.Exception: Connector attribute SSLCertificateFile must be defined when using SSL with APR
	at org.apache.tomcat.util.net.AprEndpoint.bind(AprEndpoint.java:484)
	at org.apache.tomcat.util.net.AbstractEndpoint.init(AbstractEndpoint.java:610)
	at org.apache.coyote.AbstractProtocol.init(AbstractProtocol.java:423)
	at org.apache.catalina.connector.Connector.initInternal(Connector.java:974)
	... 13 more

Aug 13, 2013 10:39:43 AM org.apache.coyote.AbstractProtocol init
INFO: Initializing ProtocolHandler ["ajp-apr-8009"]
Aug 13, 2013 10:39:43 AM org.apache.catalina.startup.Catalina load
INFO: Initialization processed in 1839 ms
Aug 13, 2013 10:39:43 AM org.apache.catalina.core.StandardService startInternal
INFO: Starting service Catalina
Aug 13, 2013 10:39:43 AM org.apache.catalina.core.StandardEngine startInternal
INFO: Starting Servlet Engine: Apache Tomcat/7.0.28
Aug 13, 2013 10:39:43 AM org.apache.catalina.startup.HostConfig deployDirectory
INFO: Deploying web application directory D:\Projects\jobs\telegraph\tmg\tmg_apache-tomcat-7.0.28\webapps\docs
Aug 13, 2013 10:39:44 AM org.apache.catalina.startup.HostConfig deployDirectory
INFO: Deploying web application directory D:\Projects\jobs\telegraph\tmg\tmg_apache-tomcat-7.0.28\webapps\examples
Aug 13, 2013 10:39:44 AM org.apache.catalina.startup.HostConfig deployDirectory
INFO: Deploying web application directory D:\Projects\jobs\telegraph\tmg\tmg_apache-tomcat-7.0.28\webapps\host-manager
Aug 13, 2013 10:39:44 AM org.apache.catalina.startup.HostConfig deployDirectory
INFO: Deploying web application directory D:\Projects\jobs\telegraph\tmg\tmg_apache-tomcat-7.0.28\webapps\manager
Aug 13, 2013 10:39:44 AM org.apache.catalina.startup.HostConfig deployDirectory
INFO: Deploying web application directory D:\Projects\jobs\telegraph\tmg\tmg_apache-tomcat-7.0.28\webapps\ROOT
Aug 13, 2013 10:39:44 AM org.apache.coyote.AbstractProtocol start
INFO: Starting ProtocolHandler ["http-apr-8080"]
Aug 13, 2013 10:39:44 AM org.apache.coyote.AbstractProtocol start
INFO: Starting ProtocolHandler ["ajp-apr-8009"]
Aug 13, 2013 10:39:44 AM org.apache.catalina.startup.Catalina start
INFO: Server startup in 895 ms
Aug 13, 2013 10:42:06 AM org.apache.catalina.core.AprLifecycleListener init
INFO: Loaded APR based Apache Tomcat Native library 1.1.24 using APR version 1.4.6.
Aug 13, 2013 10:42:06 AM org.apache.catalina.core.AprLifecycleListener init
INFO: APR capabilities: IPv6 [true], sendfile [true], accept filters [false], random [true].
Aug 13, 2013 10:42:07 AM org.apache.catalina.core.AprLifecycleListener initializeSSL
INFO: OpenSSL successfully initialized (OpenSSL 1.0.1c 10 May 2012)
Aug 13, 2013 10:42:07 AM org.apache.coyote.AbstractProtocol init
INFO: Initializing ProtocolHandler ["http-apr-8080"]
Aug 13, 2013 10:42:07 AM org.apache.coyote.AbstractProtocol init
INFO: Initializing ProtocolHandler ["http-apr-8443"]
Aug 13, 2013 10:42:07 AM org.apache.coyote.AbstractProtocol init
SEVERE: Failed to initialize end point associated with ProtocolHandler ["http-apr-8443"]
java.lang.Exception: Connector attribute SSLCertificateFile must be defined when using SSL with APR
	at org.apache.tomcat.util.net.AprEndpoint.bind(AprEndpoint.java:484)
	at org.apache.tomcat.util.net.AbstractEndpoint.init(AbstractEndpoint.java:610)
	at org.apache.coyote.AbstractProtocol.init(AbstractProtocol.java:423)
	at org.apache.catalina.connector.Connector.initInternal(Connector.java:974)
	at org.apache.catalina.util.LifecycleBase.init(LifecycleBase.java:102)
	at org.apache.catalina.core.StandardService.initInternal(StandardService.java:559)
	at org.apache.catalina.util.LifecycleBase.init(LifecycleBase.java:102)
	at org.apache.catalina.core.StandardServer.initInternal(StandardServer.java:814)
	at org.apache.catalina.util.LifecycleBase.init(LifecycleBase.java:102)
	at org.apache.catalina.startup.Catalina.load(Catalina.java:624)
	at org.apache.catalina.startup.Catalina.load(Catalina.java:649)
	at sun.reflect.NativeMethodAccessorImpl.invoke0(Native Method)
	at sun.reflect.NativeMethodAccessorImpl.invoke(NativeMethodAccessorImpl.java:57)
	at sun.reflect.DelegatingMethodAccessorImpl.invoke(DelegatingMethodAccessorImpl.java:43)
	at java.lang.reflect.Method.invoke(Method.java:601)
	at org.apache.catalina.startup.Bootstrap.load(Bootstrap.java:281)
	at org.apache.catalina.startup.Bootstrap.main(Bootstrap.java:450)

Aug 13, 2013 10:42:07 AM org.apache.catalina.core.StandardService initInternal
SEVERE: Failed to initialize connector [Connector[HTTP/1.1-8443]]
org.apache.catalina.LifecycleException: Failed to initialize component [Connector[HTTP/1.1-8443]]
	at org.apache.catalina.util.LifecycleBase.init(LifecycleBase.java:106)
	at org.apache.catalina.core.StandardService.initInternal(StandardService.java:559)
	at org.apache.catalina.util.LifecycleBase.init(LifecycleBase.java:102)
	at org.apache.catalina.core.StandardServer.initInternal(StandardServer.java:814)
	at org.apache.catalina.util.LifecycleBase.init(LifecycleBase.java:102)
	at org.apache.catalina.startup.Catalina.load(Catalina.java:624)
	at org.apache.catalina.startup.Catalina.load(Catalina.java:649)
	at sun.reflect.NativeMethodAccessorImpl.invoke0(Native Method)
	at sun.reflect.NativeMethodAccessorImpl.invoke(NativeMethodAccessorImpl.java:57)
	at sun.reflect.DelegatingMethodAccessorImpl.invoke(DelegatingMethodAccessorImpl.java:43)
	at java.lang.reflect.Method.invoke(Method.java:601)
	at org.apache.catalina.startup.Bootstrap.load(Bootstrap.java:281)
	at org.apache.catalina.startup.Bootstrap.main(Bootstrap.java:450)
Caused by: org.apache.catalina.LifecycleException: Protocol handler initialization failed
	at org.apache.catalina.connector.Connector.initInternal(Connector.java:976)
	at org.apache.catalina.util.LifecycleBase.init(LifecycleBase.java:102)
	... 12 more
Caused by: java.lang.Exception: Connector attribute SSLCertificateFile must be defined when using SSL with APR
	at org.apache.tomcat.util.net.AprEndpoint.bind(AprEndpoint.java:484)
	at org.apache.tomcat.util.net.AbstractEndpoint.init(AbstractEndpoint.java:610)
	at org.apache.coyote.AbstractProtocol.init(AbstractProtocol.java:423)
	at org.apache.catalina.connector.Connector.initInternal(Connector.java:974)
	... 13 more

Aug 13, 2013 10:42:07 AM org.apache.coyote.AbstractProtocol init
INFO: Initializing ProtocolHandler ["ajp-apr-8009"]
Aug 13, 2013 10:42:07 AM org.apache.catalina.startup.Catalina load
INFO: Initialization processed in 1890 ms
Aug 13, 2013 10:42:07 AM org.apache.catalina.core.StandardService startInternal
INFO: Starting service Catalina
Aug 13, 2013 10:42:07 AM org.apache.catalina.core.StandardEngine startInternal
INFO: Starting Servlet Engine: Apache Tomcat/7.0.28
Aug 13, 2013 10:42:07 AM org.apache.catalina.startup.HostConfig deployDirectory
INFO: Deploying web application directory D:\Projects\jobs\telegraph\tmg\tmg_apache-tomcat-7.0.28\webapps\docs
Aug 13, 2013 10:42:08 AM org.apache.catalina.startup.HostConfig deployDirectory
INFO: Deploying web application directory D:\Projects\jobs\telegraph\tmg\tmg_apache-tomcat-7.0.28\webapps\examples
Aug 13, 2013 10:42:08 AM org.apache.catalina.startup.HostConfig deployDirectory
INFO: Deploying web application directory D:\Projects\jobs\telegraph\tmg\tmg_apache-tomcat-7.0.28\webapps\host-manager
Aug 13, 2013 10:42:08 AM org.apache.catalina.startup.HostConfig deployDirectory
INFO: Deploying web application directory D:\Projects\jobs\telegraph\tmg\tmg_apache-tomcat-7.0.28\webapps\manager
Aug 13, 2013 10:42:08 AM org.apache.catalina.startup.HostConfig deployDirectory
INFO: Deploying web application directory D:\Projects\jobs\telegraph\tmg\tmg_apache-tomcat-7.0.28\webapps\ROOT
Aug 13, 2013 10:42:08 AM org.apache.coyote.AbstractProtocol start
INFO: Starting ProtocolHandler ["http-apr-8080"]
Aug 13, 2013 10:42:08 AM org.apache.coyote.AbstractProtocol start
INFO: Starting ProtocolHandler ["ajp-apr-8009"]
Aug 13, 2013 10:42:08 AM org.apache.catalina.startup.Catalina start
INFO: Server startup in 888 ms
Aug 13, 2013 10:43:57 AM org.apache.catalina.core.AprLifecycleListener init
INFO: Loaded APR based Apache Tomcat Native library 1.1.24 using APR version 1.4.6.
Aug 13, 2013 10:43:57 AM org.apache.catalina.core.AprLifecycleListener init
INFO: APR capabilities: IPv6 [true], sendfile [true], accept filters [false], random [true].
Aug 13, 2013 10:43:58 AM org.apache.catalina.core.AprLifecycleListener initializeSSL
INFO: OpenSSL successfully initialized (OpenSSL 1.0.1c 10 May 2012)
Aug 13, 2013 10:43:59 AM org.apache.coyote.AbstractProtocol init
INFO: Initializing ProtocolHandler ["http-apr-8080"]
Aug 13, 2013 10:43:59 AM org.apache.coyote.AbstractProtocol init
INFO: Initializing ProtocolHandler ["http-apr-8443"]
Aug 13, 2013 10:43:59 AM org.apache.coyote.AbstractProtocol init
SEVERE: Failed to initialize end point associated with ProtocolHandler ["http-apr-8443"]
java.lang.Exception: Connector attribute SSLCertificateFile must be defined when using SSL with APR
	at org.apache.tomcat.util.net.AprEndpoint.bind(AprEndpoint.java:484)
	at org.apache.tomcat.util.net.AbstractEndpoint.init(AbstractEndpoint.java:610)
	at org.apache.coyote.AbstractProtocol.init(AbstractProtocol.java:423)
	at org.apache.catalina.connector.Connector.initInternal(Connector.java:974)
	at org.apache.catalina.util.LifecycleBase.init(LifecycleBase.java:102)
	at org.apache.catalina.core.StandardService.initInternal(StandardService.java:559)
	at org.apache.catalina.util.LifecycleBase.init(LifecycleBase.java:102)
	at org.apache.catalina.core.StandardServer.initInternal(StandardServer.java:814)
	at org.apache.catalina.util.LifecycleBase.init(LifecycleBase.java:102)
	at org.apache.catalina.startup.Catalina.load(Catalina.java:624)
	at org.apache.catalina.startup.Catalina.load(Catalina.java:649)
	at sun.reflect.NativeMethodAccessorImpl.invoke0(Native Method)
	at sun.reflect.NativeMethodAccessorImpl.invoke(NativeMethodAccessorImpl.java:57)
	at sun.reflect.DelegatingMethodAccessorImpl.invoke(DelegatingMethodAccessorImpl.java:43)
	at java.lang.reflect.Method.invoke(Method.java:601)
	at org.apache.catalina.startup.Bootstrap.load(Bootstrap.java:281)
	at org.apache.catalina.startup.Bootstrap.main(Bootstrap.java:450)

Aug 13, 2013 10:43:59 AM org.apache.catalina.core.StandardService initInternal
SEVERE: Failed to initialize connector [Connector[HTTP/1.1-8443]]
org.apache.catalina.LifecycleException: Failed to initialize component [Connector[HTTP/1.1-8443]]
	at org.apache.catalina.util.LifecycleBase.init(LifecycleBase.java:106)
	at org.apache.catalina.core.StandardService.initInternal(StandardService.java:559)
	at org.apache.catalina.util.LifecycleBase.init(LifecycleBase.java:102)
	at org.apache.catalina.core.StandardServer.initInternal(StandardServer.java:814)
	at org.apache.catalina.util.LifecycleBase.init(LifecycleBase.java:102)
	at org.apache.catalina.startup.Catalina.load(Catalina.java:624)
	at org.apache.catalina.startup.Catalina.load(Catalina.java:649)
	at sun.reflect.NativeMethodAccessorImpl.invoke0(Native Method)
	at sun.reflect.NativeMethodAccessorImpl.invoke(NativeMethodAccessorImpl.java:57)
	at sun.reflect.DelegatingMethodAccessorImpl.invoke(DelegatingMethodAccessorImpl.java:43)
	at java.lang.reflect.Method.invoke(Method.java:601)
	at org.apache.catalina.startup.Bootstrap.load(Bootstrap.java:281)
	at org.apache.catalina.startup.Bootstrap.main(Bootstrap.java:450)
Caused by: org.apache.catalina.LifecycleException: Protocol handler initialization failed
	at org.apache.catalina.connector.Connector.initInternal(Connector.java:976)
	at org.apache.catalina.util.LifecycleBase.init(LifecycleBase.java:102)
	... 12 more
Caused by: java.lang.Exception: Connector attribute SSLCertificateFile must be defined when using SSL with APR
	at org.apache.tomcat.util.net.AprEndpoint.bind(AprEndpoint.java:484)
	at org.apache.tomcat.util.net.AbstractEndpoint.init(AbstractEndpoint.java:610)
	at org.apache.coyote.AbstractProtocol.init(AbstractProtocol.java:423)
	at org.apache.catalina.connector.Connector.initInternal(Connector.java:974)
	... 13 more

Aug 13, 2013 10:43:59 AM org.apache.coyote.AbstractProtocol init
INFO: Initializing ProtocolHandler ["ajp-apr-8009"]
Aug 13, 2013 10:43:59 AM org.apache.catalina.startup.Catalina load
INFO: Initialization processed in 1852 ms
Aug 13, 2013 10:43:59 AM org.apache.catalina.core.StandardService startInternal
INFO: Starting service Catalina
Aug 13, 2013 10:43:59 AM org.apache.catalina.core.StandardEngine startInternal
INFO: Starting Servlet Engine: Apache Tomcat/7.0.28
Aug 13, 2013 10:43:59 AM org.apache.catalina.startup.HostConfig deployWAR
INFO: Deploying web application archive D:\Projects\jobs\telegraph\tmg\tmg_apache-tomcat-7.0.28\webapps\tmg.war
Aug 13, 2013 10:44:01 AM org.apache.catalina.startup.TaglibUriRule body
INFO: TLD skipped. URI: urn:com:sun:jersey:api:view is already defined
Aug 13, 2013 10:44:01 AM com.sun.jersey.api.core.PackagesResourceConfig init
INFO: Scanning for root resource and provider classes in the packages:
  com.tmg.ws.resource
Aug 13, 2013 10:44:01 AM com.sun.jersey.api.core.ScanningResourceConfig logClasses
INFO: Root resource classes found:
  class com.tmg.ws.resource.UserResource
Aug 13, 2013 10:44:01 AM com.sun.jersey.api.core.ScanningResourceConfig init
INFO: No provider classes found.
Aug 13, 2013 10:44:01 AM com.sun.jersey.server.impl.application.WebApplicationImpl _initiate
INFO: Initiating Jersey application, version 'Jersey: 1.17.1 02/28/2013 03:28 PM'
Aug 13, 2013 10:44:02 AM org.apache.catalina.startup.HostConfig deployDirectory
INFO: Deploying web application directory D:\Projects\jobs\telegraph\tmg\tmg_apache-tomcat-7.0.28\webapps\docs
Aug 13, 2013 10:44:02 AM org.apache.catalina.startup.HostConfig deployDirectory
INFO: Deploying web application directory D:\Projects\jobs\telegraph\tmg\tmg_apache-tomcat-7.0.28\webapps\examples
Aug 13, 2013 10:44:03 AM org.apache.catalina.startup.HostConfig deployDirectory
INFO: Deploying web application directory D:\Projects\jobs\telegraph\tmg\tmg_apache-tomcat-7.0.28\webapps\host-manager
Aug 13, 2013 10:44:03 AM org.apache.catalina.startup.HostConfig deployDirectory
INFO: Deploying web application directory D:\Projects\jobs\telegraph\tmg\tmg_apache-tomcat-7.0.28\webapps\manager
Aug 13, 2013 10:44:03 AM org.apache.catalina.startup.HostConfig deployDirectory
INFO: Deploying web application directory D:\Projects\jobs\telegraph\tmg\tmg_apache-tomcat-7.0.28\webapps\ROOT
Aug 13, 2013 10:44:03 AM org.apache.coyote.AbstractProtocol start
INFO: Starting ProtocolHandler ["http-apr-8080"]
Aug 13, 2013 10:44:03 AM org.apache.coyote.AbstractProtocol start
INFO: Starting ProtocolHandler ["ajp-apr-8009"]
Aug 13, 2013 10:44:03 AM org.apache.catalina.startup.Catalina start
INFO: Server startup in 4302 ms
Aug 13, 2013 10:47:46 AM org.apache.catalina.core.AprLifecycleListener init
INFO: Loaded APR based Apache Tomcat Native library 1.1.24 using APR version 1.4.6.
Aug 13, 2013 10:47:46 AM org.apache.catalina.core.AprLifecycleListener init
INFO: APR capabilities: IPv6 [true], sendfile [true], accept filters [false], random [true].
Aug 13, 2013 10:47:48 AM org.apache.catalina.core.AprLifecycleListener initializeSSL
INFO: OpenSSL successfully initialized (OpenSSL 1.0.1c 10 May 2012)
Aug 13, 2013 10:47:48 AM org.apache.coyote.AbstractProtocol init
INFO: Initializing ProtocolHandler ["http-apr-8080"]
Aug 13, 2013 10:47:48 AM org.apache.coyote.AbstractProtocol init
INFO: Initializing ProtocolHandler ["http-apr-8443"]
Aug 13, 2013 10:47:48 AM org.apache.coyote.AbstractProtocol init
SEVERE: Failed to initialize end point associated with ProtocolHandler ["http-apr-8443"]
java.lang.Exception: Connector attribute SSLCertificateFile must be defined when using SSL with APR
	at org.apache.tomcat.util.net.AprEndpoint.bind(AprEndpoint.java:484)
	at org.apache.tomcat.util.net.AbstractEndpoint.init(AbstractEndpoint.java:610)
	at org.apache.coyote.AbstractProtocol.init(AbstractProtocol.java:423)
	at org.apache.catalina.connector.Connector.initInternal(Connector.java:974)
	at org.apache.catalina.util.LifecycleBase.init(LifecycleBase.java:102)
	at org.apache.catalina.core.StandardService.initInternal(StandardService.java:559)
	at org.apache.catalina.util.LifecycleBase.init(LifecycleBase.java:102)
	at org.apache.catalina.core.StandardServer.initInternal(StandardServer.java:814)
	at org.apache.catalina.util.LifecycleBase.init(LifecycleBase.java:102)
	at org.apache.catalina.startup.Catalina.load(Catalina.java:624)
	at org.apache.catalina.startup.Catalina.load(Catalina.java:649)
	at sun.reflect.NativeMethodAccessorImpl.invoke0(Native Method)
	at sun.reflect.NativeMethodAccessorImpl.invoke(NativeMethodAccessorImpl.java:57)
	at sun.reflect.DelegatingMethodAccessorImpl.invoke(DelegatingMethodAccessorImpl.java:43)
	at java.lang.reflect.Method.invoke(Method.java:601)
	at org.apache.catalina.startup.Bootstrap.load(Bootstrap.java:281)
	at org.apache.catalina.startup.Bootstrap.main(Bootstrap.java:450)

Aug 13, 2013 10:47:48 AM org.apache.catalina.core.StandardService initInternal
SEVERE: Failed to initialize connector [Connector[HTTP/1.1-8443]]
org.apache.catalina.LifecycleException: Failed to initialize component [Connector[HTTP/1.1-8443]]
	at org.apache.catalina.util.LifecycleBase.init(LifecycleBase.java:106)
	at org.apache.catalina.core.StandardService.initInternal(StandardService.java:559)
	at org.apache.catalina.util.LifecycleBase.init(LifecycleBase.java:102)
	at org.apache.catalina.core.StandardServer.initInternal(StandardServer.java:814)
	at org.apache.catalina.util.LifecycleBase.init(LifecycleBase.java:102)
	at org.apache.catalina.startup.Catalina.load(Catalina.java:624)
	at org.apache.catalina.startup.Catalina.load(Catalina.java:649)
	at sun.reflect.NativeMethodAccessorImpl.invoke0(Native Method)
	at sun.reflect.NativeMethodAccessorImpl.invoke(NativeMethodAccessorImpl.java:57)
	at sun.reflect.DelegatingMethodAccessorImpl.invoke(DelegatingMethodAccessorImpl.java:43)
	at java.lang.reflect.Method.invoke(Method.java:601)
	at org.apache.catalina.startup.Bootstrap.load(Bootstrap.java:281)
	at org.apache.catalina.startup.Bootstrap.main(Bootstrap.java:450)
Caused by: org.apache.catalina.LifecycleException: Protocol handler initialization failed
	at org.apache.catalina.connector.Connector.initInternal(Connector.java:976)
	at org.apache.catalina.util.LifecycleBase.init(LifecycleBase.java:102)
	... 12 more
Caused by: java.lang.Exception: Connector attribute SSLCertificateFile must be defined when using SSL with APR
	at org.apache.tomcat.util.net.AprEndpoint.bind(AprEndpoint.java:484)
	at org.apache.tomcat.util.net.AbstractEndpoint.init(AbstractEndpoint.java:610)
	at org.apache.coyote.AbstractProtocol.init(AbstractProtocol.java:423)
	at org.apache.catalina.connector.Connector.initInternal(Connector.java:974)
	... 13 more

Aug 13, 2013 10:47:48 AM org.apache.coyote.AbstractProtocol init
INFO: Initializing ProtocolHandler ["ajp-apr-8009"]
Aug 13, 2013 10:47:48 AM org.apache.catalina.startup.Catalina load
INFO: Initialization processed in 1833 ms
Aug 13, 2013 10:47:48 AM org.apache.catalina.core.StandardService startInternal
INFO: Starting service Catalina
Aug 13, 2013 10:47:48 AM org.apache.catalina.core.StandardEngine startInternal
INFO: Starting Servlet Engine: Apache Tomcat/7.0.28
Aug 13, 2013 10:47:48 AM org.apache.catalina.startup.HostConfig deployWAR
INFO: Deploying web application archive D:\Projects\jobs\telegraph\tmg\tmg_apache-tomcat-7.0.28\webapps\tmg.war
Aug 13, 2013 10:47:50 AM org.apache.catalina.startup.TaglibUriRule body
INFO: TLD skipped. URI: urn:com:sun:jersey:api:view is already defined
Aug 13, 2013 10:47:50 AM com.sun.jersey.api.core.PackagesResourceConfig init
INFO: Scanning for root resource and provider classes in the packages:
  com.tmg.ws.resource
Aug 13, 2013 10:47:50 AM com.sun.jersey.api.core.ScanningResourceConfig logClasses
INFO: Root resource classes found:
  class com.tmg.ws.resource.UserResource
Aug 13, 2013 10:47:50 AM com.sun.jersey.api.core.ScanningResourceConfig init
INFO: No provider classes found.
Aug 13, 2013 10:47:50 AM com.sun.jersey.server.impl.application.WebApplicationImpl _initiate
INFO: Initiating Jersey application, version 'Jersey: 1.17.1 02/28/2013 03:28 PM'
Aug 13, 2013 10:47:51 AM org.apache.catalina.startup.HostConfig deployDirectory
INFO: Deploying web application directory D:\Projects\jobs\telegraph\tmg\tmg_apache-tomcat-7.0.28\webapps\docs
Aug 13, 2013 10:47:51 AM org.apache.catalina.startup.HostConfig deployDirectory
INFO: Deploying web application directory D:\Projects\jobs\telegraph\tmg\tmg_apache-tomcat-7.0.28\webapps\examples
Aug 13, 2013 10:47:52 AM org.apache.catalina.startup.HostConfig deployDirectory
INFO: Deploying web application directory D:\Projects\jobs\telegraph\tmg\tmg_apache-tomcat-7.0.28\webapps\host-manager
Aug 13, 2013 10:47:52 AM org.apache.catalina.startup.HostConfig deployDirectory
INFO: Deploying web application directory D:\Projects\jobs\telegraph\tmg\tmg_apache-tomcat-7.0.28\webapps\manager
Aug 13, 2013 10:47:52 AM org.apache.catalina.startup.HostConfig deployDirectory
INFO: Deploying web application directory D:\Projects\jobs\telegraph\tmg\tmg_apache-tomcat-7.0.28\webapps\ROOT
Aug 13, 2013 10:47:52 AM org.apache.coyote.AbstractProtocol start
INFO: Starting ProtocolHandler ["http-apr-8080"]
Aug 13, 2013 10:47:52 AM org.apache.coyote.AbstractProtocol start
INFO: Starting ProtocolHandler ["ajp-apr-8009"]
Aug 13, 2013 10:47:52 AM org.apache.catalina.startup.Catalina start
INFO: Server startup in 3786 ms
Aug 13, 2013 10:54:33 AM org.apache.catalina.core.AprLifecycleListener init
INFO: Loaded APR based Apache Tomcat Native library 1.1.24 using APR version 1.4.6.
Aug 13, 2013 10:54:33 AM org.apache.catalina.core.AprLifecycleListener init
INFO: APR capabilities: IPv6 [true], sendfile [true], accept filters [false], random [true].
Aug 13, 2013 10:54:35 AM org.apache.catalina.core.AprLifecycleListener initializeSSL
INFO: OpenSSL successfully initialized (OpenSSL 1.0.1c 10 May 2012)
Aug 13, 2013 10:54:36 AM org.apache.coyote.AbstractProtocol init
INFO: Initializing ProtocolHandler ["http-apr-8080"]
Aug 13, 2013 10:54:36 AM org.apache.coyote.AbstractProtocol init
INFO: Initializing ProtocolHandler ["http-apr-8443"]
Aug 13, 2013 10:54:36 AM org.apache.coyote.AbstractProtocol init
SEVERE: Failed to initialize end point associated with ProtocolHandler ["http-apr-8443"]
java.lang.Exception: Connector attribute SSLCertificateFile must be defined when using SSL with APR
	at org.apache.tomcat.util.net.AprEndpoint.bind(AprEndpoint.java:484)
	at org.apache.tomcat.util.net.AbstractEndpoint.init(AbstractEndpoint.java:610)
	at org.apache.coyote.AbstractProtocol.init(AbstractProtocol.java:423)
	at org.apache.catalina.connector.Connector.initInternal(Connector.java:974)
	at org.apache.catalina.util.LifecycleBase.init(LifecycleBase.java:102)
	at org.apache.catalina.core.StandardService.initInternal(StandardService.java:559)
	at org.apache.catalina.util.LifecycleBase.init(LifecycleBase.java:102)
	at org.apache.catalina.core.StandardServer.initInternal(StandardServer.java:814)
	at org.apache.catalina.util.LifecycleBase.init(LifecycleBase.java:102)
	at org.apache.catalina.startup.Catalina.load(Catalina.java:624)
	at org.apache.catalina.startup.Catalina.load(Catalina.java:649)
	at sun.reflect.NativeMethodAccessorImpl.invoke0(Native Method)
	at sun.reflect.NativeMethodAccessorImpl.invoke(NativeMethodAccessorImpl.java:57)
	at sun.reflect.DelegatingMethodAccessorImpl.invoke(DelegatingMethodAccessorImpl.java:43)
	at java.lang.reflect.Method.invoke(Method.java:601)
	at org.apache.catalina.startup.Bootstrap.load(Bootstrap.java:281)
	at org.apache.catalina.startup.Bootstrap.main(Bootstrap.java:450)

Aug 13, 2013 10:54:36 AM org.apache.catalina.core.StandardService initInternal
SEVERE: Failed to initialize connector [Connector[HTTP/1.1-8443]]
org.apache.catalina.LifecycleException: Failed to initialize component [Connector[HTTP/1.1-8443]]
	at org.apache.catalina.util.LifecycleBase.init(LifecycleBase.java:106)
	at org.apache.catalina.core.StandardService.initInternal(StandardService.java:559)
	at org.apache.catalina.util.LifecycleBase.init(LifecycleBase.java:102)
	at org.apache.catalina.core.StandardServer.initInternal(StandardServer.java:814)
	at org.apache.catalina.util.LifecycleBase.init(LifecycleBase.java:102)
	at org.apache.catalina.startup.Catalina.load(Catalina.java:624)
	at org.apache.catalina.startup.Catalina.load(Catalina.java:649)
	at sun.reflect.NativeMethodAccessorImpl.invoke0(Native Method)
	at sun.reflect.NativeMethodAccessorImpl.invoke(NativeMethodAccessorImpl.java:57)
	at sun.reflect.DelegatingMethodAccessorImpl.invoke(DelegatingMethodAccessorImpl.java:43)
	at java.lang.reflect.Method.invoke(Method.java:601)
	at org.apache.catalina.startup.Bootstrap.load(Bootstrap.java:281)
	at org.apache.catalina.startup.Bootstrap.main(Bootstrap.java:450)
Caused by: org.apache.catalina.LifecycleException: Protocol handler initialization failed
	at org.apache.catalina.connector.Connector.initInternal(Connector.java:976)
	at org.apache.catalina.util.LifecycleBase.init(LifecycleBase.java:102)
	... 12 more
Caused by: java.lang.Exception: Connector attribute SSLCertificateFile must be defined when using SSL with APR
	at org.apache.tomcat.util.net.AprEndpoint.bind(AprEndpoint.java:484)
	at org.apache.tomcat.util.net.AbstractEndpoint.init(AbstractEndpoint.java:610)
	at org.apache.coyote.AbstractProtocol.init(AbstractProtocol.java:423)
	at org.apache.catalina.connector.Connector.initInternal(Connector.java:974)
	... 13 more

Aug 13, 2013 10:54:36 AM org.apache.coyote.AbstractProtocol init
INFO: Initializing ProtocolHandler ["ajp-apr-8009"]
Aug 13, 2013 10:54:36 AM org.apache.catalina.startup.Catalina load
INFO: Initialization processed in 4284 ms
Aug 13, 2013 10:54:36 AM org.apache.catalina.core.StandardService startInternal
INFO: Starting service Catalina
Aug 13, 2013 10:54:36 AM org.apache.catalina.core.StandardEngine startInternal
INFO: Starting Servlet Engine: Apache Tomcat/7.0.28
Aug 13, 2013 10:54:36 AM org.apache.catalina.startup.HostConfig deployWAR
INFO: Deploying web application archive D:\Projects\jobs\telegraph\tmg\tmg_apache-tomcat-7.0.28\webapps\tmg.war
Aug 13, 2013 10:54:40 AM org.apache.catalina.startup.TaglibUriRule body
INFO: TLD skipped. URI: urn:com:sun:jersey:api:view is already defined
Aug 13, 2013 10:54:40 AM org.apache.catalina.util.SessionIdGenerator createSecureRandom
INFO: Creation of SecureRandom instance for session ID generation using [SHA1PRNG] took [132] milliseconds.
Aug 13, 2013 10:54:40 AM com.sun.jersey.api.core.PackagesResourceConfig init
INFO: Scanning for root resource and provider classes in the packages:
  com.tmg.ws.resource
Aug 13, 2013 10:54:40 AM com.sun.jersey.api.core.ScanningResourceConfig logClasses
INFO: Root resource classes found:
  class com.tmg.ws.resource.UserResource
Aug 13, 2013 10:54:40 AM com.sun.jersey.api.core.ScanningResourceConfig init
INFO: No provider classes found.
Aug 13, 2013 10:54:40 AM com.sun.jersey.server.impl.application.WebApplicationImpl _initiate
INFO: Initiating Jersey application, version 'Jersey: 1.17.1 02/28/2013 03:28 PM'
Aug 13, 2013 10:54:42 AM org.apache.catalina.startup.HostConfig deployDirectory
INFO: Deploying web application directory D:\Projects\jobs\telegraph\tmg\tmg_apache-tomcat-7.0.28\webapps\docs
Aug 13, 2013 10:54:42 AM org.apache.catalina.startup.HostConfig deployDirectory
INFO: Deploying web application directory D:\Projects\jobs\telegraph\tmg\tmg_apache-tomcat-7.0.28\webapps\examples
Aug 13, 2013 10:54:42 AM org.apache.catalina.startup.HostConfig deployDirectory
INFO: Deploying web application directory D:\Projects\jobs\telegraph\tmg\tmg_apache-tomcat-7.0.28\webapps\host-manager
Aug 13, 2013 10:54:42 AM org.apache.catalina.startup.HostConfig deployDirectory
INFO: Deploying web application directory D:\Projects\jobs\telegraph\tmg\tmg_apache-tomcat-7.0.28\webapps\manager
Aug 13, 2013 10:54:42 AM org.apache.catalina.startup.HostConfig deployDirectory
INFO: Deploying web application directory D:\Projects\jobs\telegraph\tmg\tmg_apache-tomcat-7.0.28\webapps\ROOT
Aug 13, 2013 10:54:42 AM org.apache.coyote.AbstractProtocol start
INFO: Starting ProtocolHandler ["http-apr-8080"]
Aug 13, 2013 10:54:42 AM org.apache.coyote.AbstractProtocol start
INFO: Starting ProtocolHandler ["ajp-apr-8009"]
Aug 13, 2013 10:54:42 AM org.apache.catalina.startup.Catalina start
INFO: Server startup in 6439 ms
Aug 13, 2013 10:57:24 AM org.apache.coyote.AbstractProtocol init
INFO: Initializing ProtocolHandler ["http-bio-8080"]
Aug 13, 2013 10:57:24 AM org.apache.coyote.AbstractProtocol init
INFO: Initializing ProtocolHandler ["http-bio-8443"]
Aug 13, 2013 10:57:25 AM org.apache.coyote.AbstractProtocol init
INFO: Initializing ProtocolHandler ["ajp-bio-8009"]
Aug 13, 2013 10:57:25 AM org.apache.catalina.startup.Catalina load
INFO: Initialization processed in 1552 ms
Aug 13, 2013 10:57:25 AM org.apache.catalina.core.StandardService startInternal
INFO: Starting service Catalina
Aug 13, 2013 10:57:25 AM org.apache.catalina.core.StandardEngine startInternal
INFO: Starting Servlet Engine: Apache Tomcat/7.0.28
Aug 13, 2013 10:57:25 AM org.apache.catalina.startup.HostConfig deployWAR
INFO: Deploying web application archive D:\Projects\jobs\telegraph\tmg\tmg_apache-tomcat-7.0.28\webapps\tmg.war
Aug 13, 2013 10:57:27 AM org.apache.catalina.startup.TaglibUriRule body
INFO: TLD skipped. URI: urn:com:sun:jersey:api:view is already defined
Aug 13, 2013 10:57:27 AM com.sun.jersey.api.core.PackagesResourceConfig init
INFO: Scanning for root resource and provider classes in the packages:
  com.tmg.ws.resource
Aug 13, 2013 10:57:27 AM com.sun.jersey.api.core.ScanningResourceConfig logClasses
INFO: Root resource classes found:
  class com.tmg.ws.resource.UserResource
Aug 13, 2013 10:57:27 AM com.sun.jersey.api.core.ScanningResourceConfig init
INFO: No provider classes found.
Aug 13, 2013 10:57:27 AM com.sun.jersey.server.impl.application.WebApplicationImpl _initiate
INFO: Initiating Jersey application, version 'Jersey: 1.17.1 02/28/2013 03:28 PM'
Aug 13, 2013 10:57:28 AM org.apache.catalina.startup.HostConfig deployDirectory
INFO: Deploying web application directory D:\Projects\jobs\telegraph\tmg\tmg_apache-tomcat-7.0.28\webapps\docs
Aug 13, 2013 10:57:28 AM org.apache.catalina.startup.HostConfig deployDirectory
INFO: Deploying web application directory D:\Projects\jobs\telegraph\tmg\tmg_apache-tomcat-7.0.28\webapps\examples
Aug 13, 2013 10:57:29 AM org.apache.catalina.startup.HostConfig deployDirectory
INFO: Deploying web application directory D:\Projects\jobs\telegraph\tmg\tmg_apache-tomcat-7.0.28\webapps\host-manager
Aug 13, 2013 10:57:29 AM org.apache.catalina.startup.HostConfig deployDirectory
INFO: Deploying web application directory D:\Projects\jobs\telegraph\tmg\tmg_apache-tomcat-7.0.28\webapps\manager
Aug 13, 2013 10:57:29 AM org.apache.catalina.startup.HostConfig deployDirectory
INFO: Deploying web application directory D:\Projects\jobs\telegraph\tmg\tmg_apache-tomcat-7.0.28\webapps\ROOT
Aug 13, 2013 10:57:29 AM org.apache.coyote.AbstractProtocol start
INFO: Starting ProtocolHandler ["http-bio-8080"]
Aug 13, 2013 10:57:29 AM org.apache.coyote.AbstractProtocol start
INFO: Starting ProtocolHandler ["http-bio-8443"]
Aug 13, 2013 10:57:29 AM org.apache.coyote.AbstractProtocol start
INFO: Starting ProtocolHandler ["ajp-bio-8009"]
Aug 13, 2013 10:57:29 AM org.apache.catalina.startup.Catalina start
INFO: Server startup in 3639 ms
Aug 13, 2013 11:00:28 AM com.sun.jersey.server.wadl.generators.AbstractWadlGeneratorGrammarGenerator attachTypes
INFO: Couldn't find grammar element for class javax.ws.rs.core.Response
Aug 13, 2013 11:00:28 AM com.sun.jersey.server.wadl.generators.AbstractWadlGeneratorGrammarGenerator attachTypes
INFO: Couldn't find grammar element for class com.tmg.ws.resource.AdminUser
Aug 13, 2013 11:00:28 AM com.sun.jersey.server.wadl.generators.AbstractWadlGeneratorGrammarGenerator attachTypes
INFO: Couldn't find grammar element for class javax.ws.rs.core.Response
Aug 13, 2013 11:00:28 AM com.sun.jersey.server.wadl.generators.AbstractWadlGeneratorGrammarGenerator attachTypes
INFO: Couldn't find grammar element for class com.tmg.ws.resource.AdminUser
Aug 13, 2013 11:00:28 AM com.sun.jersey.server.wadl.generators.AbstractWadlGeneratorGrammarGenerator attachTypes
INFO: Couldn't find grammar element for class javax.ws.rs.core.Response
Aug 13, 2013 11:00:28 AM com.sun.jersey.server.wadl.generators.AbstractWadlGeneratorGrammarGenerator attachTypes
INFO: Couldn't find grammar element for class javax.ws.rs.core.Response
